This is pdfTeX, Version 3.14159265-2.6-1.40.19 (MiKTeX 2.9.6700 64-bit) (preloaded format=pdflatex 2018.6.12)  8 NOV 2018 00:16
entering extended mode
**./Report.tex
(Report.tex
LaTeX2e <2018-04-01> patch level 5
Babel <3.20> and hyphenation patterns for 75 language(s) loaded.
("C:\Program Files\MiKTeX 2.9\tex\latex\base\article.cls"
Document Class: article 2014/09/29 v1.4h Standard LaTeX document class
("C:\Program Files\MiKTeX 2.9\tex\latex\base\size12.clo"
File: size12.clo 2014/09/29 v1.4h Standard LaTeX file (size option)
)
\c@part=\count80
\c@section=\count81
\c@subsection=\count82
\c@subsubsection=\count83
\c@paragraph=\count84
\c@subparagraph=\count85
\c@figure=\count86
\c@table=\count87
\abovecaptionskip=\skip41
\belowcaptionskip=\skip42
\bibindent=\dimen102
)
("C:\Program Files\MiKTeX 2.9\tex\latex\base\fontenc.sty"
Package: fontenc 2017/04/05 v2.0i Standard LaTeX package

("C:\Program Files\MiKTeX 2.9\tex\latex\base\t1enc.def"
File: t1enc.def 2017/04/05 v2.0i Standard LaTeX file
LaTeX Font Info:    Redeclaring font encoding T1 on input line 48.
))
("C:\Program Files\MiKTeX 2.9\tex\latex\base\inputenc.sty"
Package: inputenc 2018/04/06 v1.3b Input encoding file
\inpenc@prehook=\toks14
\inpenc@posthook=\toks15
)
("C:\Program Files\MiKTeX 2.9\tex\generic\babel\babel.sty"
Package: babel 2018/05/02 3.20 The Babel package

("C:\Program Files\MiKTeX 2.9\tex\generic\babel\switch.def"
File: switch.def 2018/05/02 3.20 Babel switching mechanism
)
*************************************
* Local config file bblopts.cfg used
*
("C:\Program Files\MiKTeX 2.9\tex\latex\arabi\bblopts.cfg"
File: bblopts.cfg 2005/09/08 v0.1 add Arabic and Farsi to "declared" options of
 babel
)
("C:\Program Files\MiKTeX 2.9\tex\latex\babel-english\british.ldf"
Language: british 2017/06/06 v3.3r English support from the babel system

("C:\Program Files\MiKTeX 2.9\tex\latex\babel-english\english.ldf"
Language: english 2017/06/06 v3.3r English support from the babel system

("C:\Program Files\MiKTeX 2.9\tex\generic\babel\babel.def"
File: babel.def 2018/05/02 3.20 Babel common definitions
\babel@savecnt=\count88
\U@D=\dimen103

("C:\Program Files\MiKTeX 2.9\tex\generic\babel\txtbabel.def")
\bbl@dirlevel=\count89
)
\l@canadian = a dialect from \language\l@american 
\l@australian = a dialect from \language\l@british 
\l@newzealand = a dialect from \language\l@british 
)))
("C:\Program Files\MiKTeX 2.9\tex\latex\microtype\microtype.sty"
Package: microtype 2018/01/14 v2.7a Micro-typographical refinements (RS)

("C:\Program Files\MiKTeX 2.9\tex\latex\graphics\keyval.sty"
Package: keyval 2014/10/28 v1.15 key=value parser (DPC)
\KV@toks@=\toks16
)
\MT@toks=\toks17
\MT@count=\count90
LaTeX Info: Redefining \textls on input line 793.
\MT@outer@kern=\dimen104
LaTeX Info: Redefining \textmicrotypecontext on input line 1339.
\MT@listname@count=\count91

("C:\Program Files\MiKTeX 2.9\tex\latex\microtype\microtype-pdftex.def"
File: microtype-pdftex.def 2018/01/14 v2.7a Definitions specific to pdftex (RS)

LaTeX Info: Redefining \lsstyle on input line 913.
LaTeX Info: Redefining \lslig on input line 913.
\MT@outer@space=\skip43
)
Package microtype Info: Loading configuration file microtype.cfg.

("C:\Program Files\MiKTeX 2.9\tex\latex\microtype\microtype.cfg"
File: microtype.cfg 2018/01/14 v2.7a microtype main configuration file (RS)
))
("C:\Program Files\MiKTeX 2.9\tex\latex\layaureo\layaureo.sty"
Package: layaureo 2004/09/16 v0.2

("C:\Program Files\MiKTeX 2.9\tex\latex\geometry\geometry.sty"
Package: geometry 2018/04/16 v5.8 Page Geometry

("C:\Program Files\MiKTeX 2.9\tex\generic\oberdiek\ifpdf.sty"
Package: ifpdf 2017/03/15 v3.2 Provides the ifpdf switch
)
("C:\Program Files\MiKTeX 2.9\tex\generic\oberdiek\ifvtex.sty"
Package: ifvtex 2016/05/16 v1.6 Detect VTeX and its facilities (HO)
Package ifvtex Info: VTeX not detected.
)
("C:\Program Files\MiKTeX 2.9\tex\generic\ifxetex\ifxetex.sty"
Package: ifxetex 2010/09/12 v0.6 Provides ifxetex conditional
)
\Gm@cnth=\count92
\Gm@cntv=\count93
\c@Gm@tempcnt=\count94
\Gm@bindingoffset=\dimen105
\Gm@wd@mp=\dimen106
\Gm@odd@mp=\dimen107
\Gm@even@mp=\dimen108
\Gm@layoutwidth=\dimen109
\Gm@layoutheight=\dimen110
\Gm@layouthoffset=\dimen111
\Gm@layoutvoffset=\dimen112
\Gm@dimlist=\toks18

("C:\Program Files\MiKTeX 2.9\tex\latex\geometry\geometry.cfg"))
("C:\Program Files\MiKTeX 2.9\tex\latex\tools\calc.sty"
Package: calc 2017/05/25 v4.3 Infix arithmetic (KKT,FJ)
\calc@Acount=\count95
\calc@Bcount=\count96
\calc@Adimen=\dimen113
\calc@Bdimen=\dimen114
\calc@Askip=\skip44
\calc@Bskip=\skip45
LaTeX Info: Redefining \setlength on input line 80.
LaTeX Info: Redefining \addtolength on input line 81.
\calc@Ccount=\count97
\calc@Cskip=\skip46
)
\LA@MargineRilegatura=\skip47
\LA@LarghezzaTesto=\skip48
\LA@AltezzaTesto=\skip49
\LA@MargineSinistro=\skip50
\LA@MargineSuperiore=\skip51
)
("C:\Program Files\MiKTeX 2.9\tex\latex\tools\multicol.sty"
Package: multicol 2018/04/20 v1.8s multicolumn formatting (FMi)
\c@tracingmulticols=\count98
\mult@box=\box26
\multicol@leftmargin=\dimen115
\c@unbalance=\count99
\c@collectmore=\count100
\doublecol@number=\count101
\multicoltolerance=\count102
\multicolpretolerance=\count103
\full@width=\dimen116
\page@free=\dimen117
\premulticols=\dimen118
\postmulticols=\dimen119
\multicolsep=\skip52
\multicolbaselineskip=\skip53
\partial@page=\box27
\last@line=\box28
\maxbalancingoverflow=\dimen120
\mult@rightbox=\box29
\mult@grightbox=\box30
\mult@gfirstbox=\box31
\mult@firstbox=\box32
\@tempa=\box33
\@tempa=\box34
\@tempa=\box35
\@tempa=\box36
\@tempa=\box37
\@tempa=\box38
\@tempa=\box39
\@tempa=\box40
\@tempa=\box41
\@tempa=\box42
\@tempa=\box43
\@tempa=\box44
\@tempa=\box45
\@tempa=\box46
\@tempa=\box47
\@tempa=\box48
\@tempa=\box49
\c@columnbadness=\count104
\c@finalcolumnbadness=\count105
\last@try=\dimen121
\multicolovershoot=\dimen122
\multicolundershoot=\dimen123
\mult@nat@firstbox=\box50
\colbreak@box=\box51
\mc@col@check@num=\count106
)
("C:\Program Files\MiKTeX 2.9\tex\latex\subfig\subfig.sty"
Package: subfig 2005/06/28 ver: 1.3 subfig package

("C:\Program Files\MiKTeX 2.9\tex\latex\caption\caption.sty"
Package: caption 2018/05/01 v3.3-147 Customizing captions (AR)

("C:\Program Files\MiKTeX 2.9\tex\latex\caption\caption3.sty"
Package: caption3 2018/05/27 v1.8a caption3 kernel (AR)
Package caption3 Info: TeX engine: e-TeX on input line 64.
\captionmargin=\dimen124
\captionmargin@=\dimen125
\captionwidth=\dimen126
\caption@tempdima=\dimen127
\caption@indent=\dimen128
\caption@parindent=\dimen129
\caption@hangindent=\dimen130
)
\c@ContinuedFloat=\count107
)
\c@KVtest=\count108
\sf@farskip=\skip54
\sf@captopadj=\dimen131
\sf@capskip=\skip55
\sf@nearskip=\skip56
\c@subfigure=\count109
\c@subfigure@save=\count110
\c@lofdepth=\count111
\c@subtable=\count112
\c@subtable@save=\count113
\c@lotdepth=\count114
\sf@top=\skip57
\sf@bottom=\skip58
)
("C:\Program Files\MiKTeX 2.9\tex\latex\booktabs\booktabs.sty"
Package: booktabs 2005/04/14 v1.61803 publication quality tables
\heavyrulewidth=\dimen132
\lightrulewidth=\dimen133
\cmidrulewidth=\dimen134
\belowrulesep=\dimen135
\belowbottomsep=\dimen136
\aboverulesep=\dimen137
\abovetopsep=\dimen138
\cmidrulesep=\dimen139
\cmidrulekern=\dimen140
\defaultaddspace=\dimen141
\@cmidla=\count115
\@cmidlb=\count116
\@aboverulesep=\dimen142
\@belowrulesep=\dimen143
\@thisruleclass=\count117
\@lastruleclass=\count118
\@thisrulewidth=\dimen144
)
("C:\Program Files\MiKTeX 2.9\tex\latex\graphics\graphicx.sty"
Package: graphicx 2017/06/01 v1.1a Enhanced LaTeX Graphics (DPC,SPQR)

("C:\Program Files\MiKTeX 2.9\tex\latex\graphics\graphics.sty"
Package: graphics 2017/06/25 v1.2c Standard LaTeX Graphics (DPC,SPQR)

("C:\Program Files\MiKTeX 2.9\tex\latex\graphics\trig.sty"
Package: trig 2016/01/03 v1.10 sin cos tan (DPC)
)
("C:\Program Files\MiKTeX 2.9\tex\latex\graphics-cfg\graphics.cfg"
File: graphics.cfg 2016/06/04 v1.11 sample graphics configuration
)
Package graphics Info: Driver file: pdftex.def on input line 99.

("C:\Program Files\MiKTeX 2.9\tex\latex\graphics-def\pdftex.def"
File: pdftex.def 2018/01/08 v1.0l Graphics/color driver for pdftex
))
\Gin@req@height=\dimen145
\Gin@req@width=\dimen146
)
("C:\Program Files\MiKTeX 2.9\tex\latex\wrapfig\wrapfig.sty"
\wrapoverhang=\dimen147
\WF@size=\dimen148
\c@WF@wrappedlines=\count119
\WF@box=\box52
\WF@everypar=\toks19
Package: wrapfig 2003/01/31  v 3.6
)
("C:\Program Files\MiKTeX 2.9\tex\latex\oberdiek\epstopdf.sty"
Package: epstopdf 2016/05/15 v2.6 Conversion with epstopdf on the fly (HO)

("C:\Program Files\MiKTeX 2.9\tex\latex\oberdiek\epstopdf-base.sty"
Package: epstopdf-base 2016/05/15 v2.6 Base part for package epstopdf

("C:\Program Files\MiKTeX 2.9\tex\generic\oberdiek\infwarerr.sty"
Package: infwarerr 2016/05/16 v1.4 Providing info/warning/error messages (HO)
)
("C:\Program Files\MiKTeX 2.9\tex\latex\oberdiek\grfext.sty"
Package: grfext 2016/05/16 v1.2 Manage graphics extensions (HO)

("C:\Program Files\MiKTeX 2.9\tex\generic\oberdiek\kvdefinekeys.sty"
Package: kvdefinekeys 2016/05/16 v1.4 Define keys (HO)

("C:\Program Files\MiKTeX 2.9\tex\generic\oberdiek\ltxcmds.sty"
Package: ltxcmds 2016/05/16 v1.23 LaTeX kernel commands for general use (HO)
)))
("C:\Program Files\MiKTeX 2.9\tex\latex\oberdiek\kvoptions.sty"
Package: kvoptions 2016/05/16 v3.12 Key value format for package options (HO)

("C:\Program Files\MiKTeX 2.9\tex\generic\oberdiek\kvsetkeys.sty"
Package: kvsetkeys 2016/05/16 v1.17 Key value parser (HO)

("C:\Program Files\MiKTeX 2.9\tex\generic\oberdiek\etexcmds.sty"
Package: etexcmds 2016/05/16 v1.6 Avoid name clashes with e-TeX commands (HO)

("C:\Program Files\MiKTeX 2.9\tex\generic\oberdiek\ifluatex.sty"
Package: ifluatex 2016/05/16 v1.4 Provides the ifluatex switch (HO)
Package ifluatex Info: LuaTeX not detected.
)
Package etexcmds Info: Could not find \expanded.
(etexcmds)             That can mean that you are not using pdfTeX 1.50 or
(etexcmds)             that some package has redefined \expanded.
(etexcmds)             In the latter case, load this package earlier.
)))
("C:\Program Files\MiKTeX 2.9\tex\generic\oberdiek\pdftexcmds.sty"
Package: pdftexcmds 2018/01/30 v0.27 Utility functions of pdfTeX for LuaTeX (HO
)
Package pdftexcmds Info: LuaTeX not detected.
Package pdftexcmds Info: \pdf@primitive is available.
Package pdftexcmds Info: \pdf@ifprimitive is available.
Package pdftexcmds Info: \pdfdraftmode found.
)
Package epstopdf-base Info: Redefining graphics rule for `.eps' on input line 4
38.
Package grfext Info: Graphics extension search list:
(grfext)             [.pdf,.png,.jpg,.mps,.jpeg,.jbig2,.jb2,.PDF,.PNG,.JPG,.JPE
G,.JBIG2,.JB2,.eps]
(grfext)             \AppendGraphicsExtensions on input line 456.
))
("C:\Program Files\MiKTeX 2.9\tex\latex\float\float.sty"
Package: float 2001/11/08 v1.3d Float enhancements (AL)
\c@float@type=\count120
\float@exts=\toks20
\float@box=\box53
\@float@everytoks=\toks21
\@floatcapt=\box54
)
("C:\Program Files\MiKTeX 2.9\tex\latex\amsmath\amsmath.sty"
Package: amsmath 2017/09/02 v2.17a AMS math features
\@mathmargin=\skip59

For additional information on amsmath, use the `?' option.
("C:\Program Files\MiKTeX 2.9\tex\latex\amsmath\amstext.sty"
Package: amstext 2000/06/29 v2.01 AMS text

("C:\Program Files\MiKTeX 2.9\tex\latex\amsmath\amsgen.sty"
File: amsgen.sty 1999/11/30 v2.0 generic functions
\@emptytoks=\toks22
\ex@=\dimen149
))
("C:\Program Files\MiKTeX 2.9\tex\latex\amsmath\amsbsy.sty"
Package: amsbsy 1999/11/29 v1.2d Bold Symbols
\pmbraise@=\dimen150
)
("C:\Program Files\MiKTeX 2.9\tex\latex\amsmath\amsopn.sty"
Package: amsopn 2016/03/08 v2.02 operator names
)
\inf@bad=\count121
LaTeX Info: Redefining \frac on input line 213.
\uproot@=\count122
\leftroot@=\count123
LaTeX Info: Redefining \overline on input line 375.
\classnum@=\count124
\DOTSCASE@=\count125
LaTeX Info: Redefining \ldots on input line 472.
LaTeX Info: Redefining \dots on input line 475.
LaTeX Info: Redefining \cdots on input line 596.
\Mathstrutbox@=\box55
\strutbox@=\box56
\big@size=\dimen151
LaTeX Font Info:    Redeclaring font encoding OML on input line 712.
LaTeX Font Info:    Redeclaring font encoding OMS on input line 713.
\macc@depth=\count126
\c@MaxMatrixCols=\count127
\dotsspace@=\muskip10
\c@parentequation=\count128
\dspbrk@lvl=\count129
\tag@help=\toks23
\row@=\count130
\column@=\count131
\maxfields@=\count132
\andhelp@=\toks24
\eqnshift@=\dimen152
\alignsep@=\dimen153
\tagshift@=\dimen154
\tagwidth@=\dimen155
\totwidth@=\dimen156
\lineht@=\dimen157
\@envbody=\toks25
\multlinegap=\skip60
\multlinetaggap=\skip61
\mathdisplay@stack=\toks26
LaTeX Info: Redefining \[ on input line 2817.
LaTeX Info: Redefining \] on input line 2818.
)
("C:\Program Files\MiKTeX 2.9\tex\latex\amsfonts\amssymb.sty"
Package: amssymb 2013/01/14 v3.01 AMS font symbols

("C:\Program Files\MiKTeX 2.9\tex\latex\amsfonts\amsfonts.sty"
Package: amsfonts 2013/01/14 v3.01 Basic AMSFonts support
\symAMSa=\mathgroup4
\symAMSb=\mathgroup5
LaTeX Font Info:    Overwriting math alphabet `\mathfrak' in version `bold'
(Font)                  U/euf/m/n --> U/euf/b/n on input line 106.
))
("C:\Program Files\MiKTeX 2.9\tex\latex\url\url.sty"
\Urlmuskip=\muskip11
Package: url 2013/09/16  ver 3.4  Verb mode for urls, etc.
)
("C:\Program Files\MiKTeX 2.9\tex\latex\xcolor\xcolor.sty"
Package: xcolor 2016/05/11 v2.12 LaTeX color extensions (UK)

("C:\Program Files\MiKTeX 2.9\tex\latex\graphics-cfg\color.cfg"
File: color.cfg 2016/01/02 v1.6 sample color configuration
)
Package xcolor Info: Driver file: pdftex.def on input line 225.
Package xcolor Info: Model `cmy' substituted by `cmy0' on input line 1348.
Package xcolor Info: Model `hsb' substituted by `rgb' on input line 1352.
Package xcolor Info: Model `RGB' extended on input line 1364.
Package xcolor Info: Model `HTML' substituted by `rgb' on input line 1366.
Package xcolor Info: Model `Hsb' substituted by `hsb' on input line 1367.
Package xcolor Info: Model `tHsb' substituted by `hsb' on input line 1368.
Package xcolor Info: Model `HSB' substituted by `hsb' on input line 1369.
Package xcolor Info: Model `Gray' substituted by `gray' on input line 1370.
Package xcolor Info: Model `wave' substituted by `hsb' on input line 1371.

("C:\Program Files\MiKTeX 2.9\tex\latex\graphics\dvipsnam.def"
File: dvipsnam.def 2016/06/17 v3.0m Driver-dependent file (DPC,SPQR)
))
("C:\Program Files\MiKTeX 2.9\tex\latex\tools\enumerate.sty"
Package: enumerate 2015/07/23 v3.00 enumerate extensions (DPC)
\@enLab=\toks27
)
("C:\Program Files\MiKTeX 2.9\tex\latex\listings\listings.sty"
\lst@mode=\count133
\lst@gtempboxa=\box57
\lst@token=\toks28
\lst@length=\count134
\lst@currlwidth=\dimen158
\lst@column=\count135
\lst@pos=\count136
\lst@lostspace=\dimen159
\lst@width=\dimen160
\lst@newlines=\count137
\lst@lineno=\count138
\lst@maxwidth=\dimen161

("C:\Program Files\MiKTeX 2.9\tex\latex\listings\lstmisc.sty"
File: lstmisc.sty 2015/06/04 1.6 (Carsten Heinz)
\c@lstnumber=\count139
\lst@skipnumbers=\count140
\lst@framebox=\box58
)
("C:\Program Files\MiKTeX 2.9\tex\latex\listings\listings.cfg"
File: listings.cfg 2015/06/04 1.6 listings configuration
))
Package: listings 2015/06/04 1.6 (Carsten Heinz)

("C:\Program Files\MiKTeX 2.9\tex\latex\siunitx\siunitx.sty"
("C:\Program Files\MiKTeX 2.9\tex\latex\l3kernel\expl3.sty"
Package: expl3 2018-06-01 L3 programming layer (loader) 

("C:\Program Files\MiKTeX 2.9\tex\latex\l3kernel\expl3-code.tex"
Package: expl3 2018-06-01 L3 programming layer (code)
\c_max_int=\count141
\l_tmpa_int=\count142
\l_tmpb_int=\count143
\g_tmpa_int=\count144
\g_tmpb_int=\count145
\g__kernel_prg_map_int=\count146
\c_log_iow=\count147
\l_iow_line_count_int=\count148
\l__iow_line_target_int=\count149
\l__iow_one_indent_int=\count150
\l__iow_indent_int=\count151
\c_zero_dim=\dimen162
\c_max_dim=\dimen163
\l_tmpa_dim=\dimen164
\l_tmpb_dim=\dimen165
\g_tmpa_dim=\dimen166
\g_tmpb_dim=\dimen167
\c_zero_skip=\skip62
\c_max_skip=\skip63
\l_tmpa_skip=\skip64
\l_tmpb_skip=\skip65
\g_tmpa_skip=\skip66
\g_tmpb_skip=\skip67
\c_zero_muskip=\muskip12
\c_max_muskip=\muskip13
\l_tmpa_muskip=\muskip14
\l_tmpb_muskip=\muskip15
\g_tmpa_muskip=\muskip16
\g_tmpb_muskip=\muskip17
\l_keys_choice_int=\count152
\l__intarray_loop_int=\count153
\c__intarray_sp_dim=\dimen168
\g__intarray_font_int=\count154
\c__fp_leading_shift_int=\count155
\c__fp_middle_shift_int=\count156
\c__fp_trailing_shift_int=\count157
\c__fp_big_leading_shift_int=\count158
\c__fp_big_middle_shift_int=\count159
\c__fp_big_trailing_shift_int=\count160
\c__fp_Bigg_leading_shift_int=\count161
\c__fp_Bigg_middle_shift_int=\count162
\c__fp_Bigg_trailing_shift_int=\count163
\c__kernel_randint_max_int=\count164
\g__fp_array_int=\count165
\l__fp_array_loop_int=\count166
\l__sort_length_int=\count167
\l__sort_min_int=\count168
\l__sort_top_int=\count169
\l__sort_max_int=\count170
\l__sort_true_max_int=\count171
\l__sort_block_int=\count172
\l__sort_begin_int=\count173
\l__sort_end_int=\count174
\l__sort_A_int=\count175
\l__sort_B_int=\count176
\l__sort_C_int=\count177
\l__tl_analysis_normal_int=\count178
\l__tl_analysis_index_int=\count179
\l__tl_analysis_nesting_int=\count180
\l__tl_analysis_type_int=\count181
\l__regex_internal_a_int=\count182
\l__regex_internal_b_int=\count183
\l__regex_internal_c_int=\count184
\l__regex_balance_int=\count185
\l__regex_group_level_int=\count186
\l__regex_mode_int=\count187
\c__regex_cs_in_class_mode_int=\count188
\c__regex_cs_mode_int=\count189
\l__regex_catcodes_int=\count190
\l__regex_default_catcodes_int=\count191
\c__regex_catcode_D_int=\count192
\c__regex_catcode_S_int=\count193
\c__regex_catcode_L_int=\count194
\c__regex_catcode_O_int=\count195
\c__regex_catcode_A_int=\count196
\c__regex_all_catcodes_int=\count197
\l__regex_show_lines_int=\count198
\l__regex_min_state_int=\count199
\l__regex_max_state_int=\count266
\l__regex_left_state_int=\count267
\l__regex_right_state_int=\count268
\l__regex_capturing_group_int=\count269
\l__regex_min_pos_int=\count270
\l__regex_max_pos_int=\count271
\l__regex_curr_pos_int=\count272
\l__regex_start_pos_int=\count273
\l__regex_success_pos_int=\count274
\l__regex_curr_char_int=\count275
\l__regex_curr_catcode_int=\count276
\l__regex_last_char_int=\count277
\l__regex_case_changed_char_int=\count278
\l__regex_curr_state_int=\count279
\l__regex_step_int=\count280
\l__regex_min_active_int=\count281
\l__regex_max_active_int=\count282
\l__regex_replacement_csnames_int=\count283
\l__regex_match_count_int=\count284
\l__regex_min_submatch_int=\count285
\l__regex_submatch_int=\count286
\l__regex_zeroth_submatch_int=\count287
\g__regex_trace_regex_int=\count288
\c_empty_box=\box59
\l_tmpa_box=\box60
\l_tmpb_box=\box61
\g_tmpa_box=\box62
\g_tmpb_box=\box63
\l__box_top_dim=\dimen169
\l__box_bottom_dim=\dimen170
\l__box_left_dim=\dimen171
\l__box_right_dim=\dimen172
\l__box_top_new_dim=\dimen173
\l__box_bottom_new_dim=\dimen174
\l__box_left_new_dim=\dimen175
\l__box_right_new_dim=\dimen176
\l__box_internal_box=\box64
\l__coffin_internal_box=\box65
\l__coffin_internal_dim=\dimen177
\l__coffin_offset_x_dim=\dimen178
\l__coffin_offset_y_dim=\dimen179
\l__coffin_x_dim=\dimen180
\l__coffin_y_dim=\dimen181
\l__coffin_x_prime_dim=\dimen182
\l__coffin_y_prime_dim=\dimen183
\c_empty_coffin=\box66
\l__coffin_aligned_coffin=\box67
\l__coffin_aligned_internal_coffin=\box68
\l_tmpa_coffin=\box69
\l_tmpb_coffin=\box70
\l__coffin_display_coffin=\box71
\l__coffin_display_coord_coffin=\box72
\l__coffin_display_pole_coffin=\box73
\l__coffin_display_offset_dim=\dimen184
\l__coffin_display_x_dim=\dimen185
\l__coffin_display_y_dim=\dimen186
\g__file_internal_ior=\read1
\l__coffin_bounding_shift_dim=\dimen187
\l__coffin_left_corner_dim=\dimen188
\l__coffin_right_corner_dim=\dimen189
\l__coffin_bottom_corner_dim=\dimen190
\l__coffin_top_corner_dim=\dimen191
\l__coffin_scaled_total_height_dim=\dimen192
\l__coffin_scaled_width_dim=\dimen193
\l__seq_internal_a_int=\count289
\l__seq_internal_b_int=\count290
)
("C:\Program Files\MiKTeX 2.9\tex\latex\l3kernel\l3pdfmode.def"
File: l3pdfmode.def 2018-06-01 v L3 Experimental driver: PDF mode
\l__driver_color_stack_int=\count291
))
("C:\Program Files\MiKTeX 2.9\tex\latex\l3packages\xparse\xparse.sty"
Package: xparse 2018-05-12 L3 Experimental document command parser
\l__xparse_current_arg_int=\count292
\g__xparse_grabber_int=\count293
\l__xparse_m_args_int=\count294
\l__xparse_mandatory_args_int=\count295
\l__xparse_v_nesting_int=\count296
)
Package: siunitx 2018/05/17 v2.7s A comprehensive (SI) units package

("C:\Program Files\MiKTeX 2.9\tex\latex\tools\array.sty"
Package: array 2018/04/30 v2.4h Tabular extension package (FMi)
\col@sep=\dimen194
\ar@mcellbox=\box74
\extrarowheight=\dimen195
\NC@list=\toks29
\extratabsurround=\skip68
\backup@length=\skip69
\ar@cellbox=\box75
)
("C:\Program Files\MiKTeX 2.9\tex\latex\l3packages\l3keys2e\l3keys2e.sty"
Package: l3keys2e 2018-05-12 LaTeX2e option processing using LaTeX3 keys
)
\l__siunitx_tmp_box=\box76
\l__siunitx_tmp_dim=\dimen196
\l__siunitx_tmp_int=\count297
\l__siunitx_number_mantissa_length_int=\count298
\l__siunitx_number_uncert_length_int=\count299
\l__siunitx_round_int=\count300
\l__siunitx_process_decimal_int=\count301
\l__siunitx_process_uncertainty_int=\count302
\l__siunitx_process_fixed_int=\count303
\l__siunitx_process_integer_min_int=\count304
\l__siunitx_process_precision_int=\count305
\l__siunitx_group_min_int=\count306
\l__siunitx_angle_marker_box=\box77
\l__siunitx_angle_unit_box=\box78
\l__siunitx_angle_marker_dim=\dimen197
\l__siunitx_angle_unit_dim=\dimen198
\l__siunitx_unit_int=\count307
\l__siunitx_unit_denominator_int=\count308
\l__siunitx_unit_numerator_int=\count309
\l__siunitx_unit_prefix_int=\count310
\l__siunitx_unit_prefix_base_int=\count311
\l__siunitx_unit_prefix_gram_int=\count312
\l__siunitx_number_product_int=\count313
\c__siunitx_one_fill_skip=\skip70
\l__siunitx_table_unit_align_skip=\skip71
\l__siunitx_table_exponent_dim=\dimen199
\l__siunitx_table_integer_dim=\dimen256
\l__siunitx_table_mantissa_dim=\dimen257
\l__siunitx_table_marker_dim=\dimen258
\l__siunitx_table_result_dim=\dimen259
\l__siunitx_table_uncert_dim=\dimen260
\l__siunitx_table_fill_pre_dim=\dimen261
\l__siunitx_table_fill_post_dim=\dimen262
\l__siunitx_table_fill_mid_dim=\dimen263
\l__siunitx_table_pre_box=\box79
\l__siunitx_table_post_box=\box80
\l__siunitx_table_mantissa_box=\box81
\l__siunitx_table_result_box=\box82
\l__siunitx_table_number_align_skip=\skip72
\l__siunitx_table_text_align_skip=\skip73
.................................................
. LaTeX info: "xparse/define-command"
. 
. Defining command \DeclareBinaryPrefix with sig. 'mmm' on line 7237.
.................................................
.................................................
. LaTeX info: "xparse/define-command"
. 
. Defining command \DeclareSIPostPower with sig. 'mm' on line 7240.
.................................................
.................................................
. LaTeX info: "xparse/define-command"
. 
. Defining command \DeclareSIPrefix with sig. 'mmm' on line 7243.
.................................................
.................................................
. LaTeX info: "xparse/define-command"
. 
. Defining command \DeclareSIPrePower with sig. 'mm' on line 7246.
.................................................
.................................................
. LaTeX info: "xparse/define-command"
. 
. Defining command \DeclareSIQualifier with sig. 'mm' on line 7249.
.................................................
.................................................
. LaTeX info: "xparse/define-command"
. 
. Defining command \DeclareSIUnit with sig. 'O{}mm' on line 7252.
.................................................
.................................................
. LaTeX info: "xparse/define-command"
. 
. Defining command \DeclareSIUnitWithOptions with sig. 'mmm' on line 7255.
.................................................
.................................................
. LaTeX info: "xparse/define-command"
. 
. Defining command \ang with sig. 'o>{\SplitArgument {2}{;}}m' on line 7270.
.................................................
.................................................
. LaTeX info: "xparse/define-command"
. 
. Defining command \num with sig. 'om' on line 7279.
.................................................
.................................................
. LaTeX info: "xparse/define-command"
. 
. Defining command \numlist with sig. 'o>{\SplitList {;}}m' on line 7288.
.................................................
.................................................
. LaTeX info: "xparse/define-command"
. 
. Defining command \numrange with sig. 'omm' on line 7297.
.................................................
.................................................
. LaTeX info: "xparse/define-command"
. 
. Defining command \SIlist with sig. 'o>{\SplitList {;}}mm' on line 7309.
.................................................
.................................................
. LaTeX info: "xparse/define-command"
. 
. Defining command \SIrange with sig. 'ommm' on line 7321.
.................................................
.................................................
. LaTeX info: "xparse/define-command"
. 
. Defining command \SI with sig. 'omom' on line 7333.
.................................................
.................................................
. LaTeX info: "xparse/define-command"
. 
. Defining command \sisetup with sig. 'm' on line 7336.
.................................................
.................................................
. LaTeX info: "xparse/define-command"
. 
. Defining command \tablenum with sig. 'om' on line 7351.
.................................................
.................................................
. LaTeX info: "xparse/define-command"
. 
. Defining command \si with sig. 'om' on line 7363.
.................................................
.................................................
. LaTeX info: "xparse/define-command"
. 
. Defining command \numInBookmark with sig. 'om' on line 7410.
.................................................
.................................................
. LaTeX info: "xparse/define-command"
. 
. Defining command \numrangeInBookmark with sig. 'omm' on line 7412.
.................................................
.................................................
. LaTeX info: "xparse/define-command"
. 
. Defining command \SIInBookmark with sig. 'omom' on line 7414.
.................................................
.................................................
. LaTeX info: "xparse/define-command"
. 
. Defining command \SIlistInBookmark with sig. 'omm' on line 7416.
.................................................
.................................................
. LaTeX info: "xparse/define-command"
. 
. Defining command \SIrangeInBookmark with sig. 'ommm' on line 7418.
.................................................
.................................................
. LaTeX info: "xparse/define-command"
. 
. Defining command \siInBookmark with sig. 'om' on line 7419.
.................................................

("C:\Program Files\MiKTeX 2.9\tex\latex\translator\translator.sty"
Package: translator 2018/01/04 v1.12 Easy translation of strings in LaTeX
))
("C:\Program Files\MiKTeX 2.9\tex\latex\listings\lstlang1.sty"
File: lstlang1.sty 2015/06/04 1.6 listings language file
)
("C:\Program Files\MiKTeX 2.9\tex\latex\hyperref\hyperref.sty"
Package: hyperref 2018/02/06 v6.86b Hypertext links for LaTeX

("C:\Program Files\MiKTeX 2.9\tex\generic\oberdiek\hobsub-hyperref.sty"
Package: hobsub-hyperref 2016/05/16 v1.14 Bundle oberdiek, subset hyperref (HO)


("C:\Program Files\MiKTeX 2.9\tex\generic\oberdiek\hobsub-generic.sty"
Package: hobsub-generic 2016/05/16 v1.14 Bundle oberdiek, subset generic (HO)
Package: hobsub 2016/05/16 v1.14 Construct package bundles (HO)
Package hobsub Info: Skipping package `infwarerr' (already loaded).
Package hobsub Info: Skipping package `ltxcmds' (already loaded).
Package hobsub Info: Skipping package `ifluatex' (already loaded).
Package hobsub Info: Skipping package `ifvtex' (already loaded).
Package: intcalc 2016/05/16 v1.2 Expandable calculations with integers (HO)
Package hobsub Info: Skipping package `ifpdf' (already loaded).
Package hobsub Info: Skipping package `etexcmds' (already loaded).
Package hobsub Info: Skipping package `kvsetkeys' (already loaded).
Package hobsub Info: Skipping package `kvdefinekeys' (already loaded).
Package hobsub Info: Skipping package `pdftexcmds' (already loaded).
Package: pdfescape 2016/05/16 v1.14 Implements pdfTeX's escape features (HO)
Package: bigintcalc 2016/05/16 v1.4 Expandable calculations on big integers (HO
)
Package: bitset 2016/05/16 v1.2 Handle bit-vector datatype (HO)
Package: uniquecounter 2016/05/16 v1.3 Provide unlimited unique counter (HO)
)
Package hobsub Info: Skipping package `hobsub' (already loaded).
Package: letltxmacro 2016/05/16 v1.5 Let assignment for LaTeX macros (HO)
Package: hopatch 2016/05/16 v1.3 Wrapper for package hooks (HO)
Package: xcolor-patch 2016/05/16 xcolor patch
Package: atveryend 2016/05/16 v1.9 Hooks at the very end of document (HO)
Package atveryend Info: \enddocument detected (standard20110627).
Package: atbegshi 2016/06/09 v1.18 At begin shipout hook (HO)
Package: refcount 2016/05/16 v3.5 Data extraction from label references (HO)
Package: hycolor 2016/05/16 v1.8 Color options for hyperref/bookmark (HO)
)
("C:\Program Files\MiKTeX 2.9\tex\latex\oberdiek\auxhook.sty"
Package: auxhook 2016/05/16 v1.4 Hooks for auxiliary files (HO)
)
\@linkdim=\dimen264
\Hy@linkcounter=\count314
\Hy@pagecounter=\count315

("C:\Program Files\MiKTeX 2.9\tex\latex\hyperref\pd1enc.def"
File: pd1enc.def 2018/02/06 v6.86b Hyperref: PDFDocEncoding definition (HO)
Now handling font encoding PD1 ...
... no UTF-8 mapping file for font encoding PD1
)
\Hy@SavedSpaceFactor=\count316

("C:\Program Files\MiKTeX 2.9\tex\latex\00miktex\hyperref.cfg"
File: hyperref.cfg 2002/06/06 v1.2 hyperref configuration of TeXLive
)
Package hyperref Info: Option `colorlinks' set `true' on input line 4383.
Package hyperref Info: Hyper figures OFF on input line 4509.
Package hyperref Info: Link nesting OFF on input line 4514.
Package hyperref Info: Hyper index ON on input line 4517.
Package hyperref Info: Plain pages OFF on input line 4524.
Package hyperref Info: Backreferencing OFF on input line 4529.
Package hyperref Info: Implicit mode ON; LaTeX internals redefined.
Package hyperref Info: Bookmarks ON on input line 4762.
\c@Hy@tempcnt=\count317
LaTeX Info: Redefining \url on input line 5115.
\XeTeXLinkMargin=\dimen265
\Fld@menulength=\count318
\Field@Width=\dimen266
\Fld@charsize=\dimen267
Package hyperref Info: Hyper figures OFF on input line 6369.
Package hyperref Info: Link nesting OFF on input line 6374.
Package hyperref Info: Hyper index ON on input line 6377.
Package hyperref Info: backreferencing OFF on input line 6384.
Package hyperref Info: Link coloring ON on input line 6387.
Package hyperref Info: Link coloring with OCG OFF on input line 6394.
Package hyperref Info: PDF/A mode OFF on input line 6399.
LaTeX Info: Redefining \ref on input line 6439.
LaTeX Info: Redefining \pageref on input line 6443.
\Hy@abspage=\count319
\c@Item=\count320
\c@Hfootnote=\count321
)
Package hyperref Info: Driver (autodetected): hpdftex.

("C:\Program Files\MiKTeX 2.9\tex\latex\hyperref\hpdftex.def"
File: hpdftex.def 2018/02/06 v6.86b Hyperref driver for pdfTeX
\Fld@listcount=\count322
\c@bookmark@seq@number=\count323

("C:\Program Files\MiKTeX 2.9\tex\latex\oberdiek\rerunfilecheck.sty"
Package: rerunfilecheck 2016/05/16 v1.8 Rerun checks for auxiliary files (HO)
Package uniquecounter Info: New unique counter `rerunfilecheck' on input line 2
82.
)
\Hy@SectionHShift=\skip74
)
(Report.aux)
\openout1 = `Report.aux'.

LaTeX Font Info:    Checking defaults for OML/cmm/m/it on input line 57.
LaTeX Font Info:    ... okay on input line 57.
LaTeX Font Info:    Checking defaults for T1/cmr/m/n on input line 57.
LaTeX Font Info:    ... okay on input line 57.
LaTeX Font Info:    Checking defaults for OT1/cmr/m/n on input line 57.
LaTeX Font Info:    ... okay on input line 57.
LaTeX Font Info:    Checking defaults for OMS/cmsy/m/n on input line 57.
LaTeX Font Info:    ... okay on input line 57.
LaTeX Font Info:    Checking defaults for OMX/cmex/m/n on input line 57.
LaTeX Font Info:    ... okay on input line 57.
LaTeX Font Info:    Checking defaults for U/cmr/m/n on input line 57.
LaTeX Font Info:    ... okay on input line 57.
LaTeX Font Info:    Checking defaults for PD1/pdf/m/n on input line 57.
LaTeX Font Info:    ... okay on input line 57.
LaTeX Info: Redefining \microtypecontext on input line 57.
Package microtype Info: Generating PDF output.
Package microtype Info: Character protrusion enabled (level 2).
Package microtype Info: Using default protrusion set `alltext'.
Package microtype Info: Automatic font expansion enabled (level 2),
(microtype)             stretch: 20, shrink: 20, step: 1, non-selected.
Package microtype Info: Using default expansion set `basictext'.
Package microtype Info: No adjustment of tracking.
Package microtype Info: No adjustment of interword spacing.
Package microtype Info: No adjustment of character kerning.
 ("C:\Program Files\MiKTeX 2.9\tex\latex\microtype\mt-cmr.cfg"
File: mt-cmr.cfg 2013/05/19 v2.2 microtype config. file: Computer Modern Roman 
(RS)
)
*geometry* driver: auto-detecting
*geometry* detected driver: pdftex
*geometry* verbose mode - [ preamble ] result:
* driver: pdftex
* paper: a4paper
* layout: <same size as paper>
* layoutoffset:(h,v)=(0.0pt,0.0pt)
* modes: 
* h-part:(L,W,R)=(88.75394pt, 420.0pt, 88.75394pt)
* v-part:(T,H,B)=(68.5425pt, 679.57123pt, 96.93312pt)
* \paperwidth=597.50787pt
* \paperheight=845.04684pt
* \textwidth=420.0pt
* \textheight=679.57123pt
* \oddsidemargin=16.48395pt
* \evensidemargin=16.48395pt
* \topmargin=-40.7275pt
* \headheight=12.0pt
* \headsep=25.0pt
* \topskip=12.0pt
* \footskip=30.0pt
* \marginparwidth=35.0pt
* \marginparsep=10.0pt
* \columnsep=10.0pt
* \skip\footins=10.8pt plus 4.0pt minus 2.0pt
* \hoffset=0.0pt
* \voffset=0.0pt
* \mag=1000
* \@twocolumnfalse
* \@twosidefalse
* \@mparswitchfalse
* \@reversemarginfalse
* (1in=72.27pt=25.4mm, 1cm=28.453pt)

Package caption Info: Begin \AtBeginDocument code.
Package caption Info: subfig package v1.3 is loaded.
Package caption Info: float package is loaded.
Package caption Info: hyperref package is loaded.
Package caption Info: listings package is loaded.
Package caption Info: wrapfig package is loaded.
Package caption Info: End \AtBeginDocument code.
("C:\Program Files\MiKTeX 2.9\tex\context\base\supp-pdf.mkii"
[Loading MPS to PDF converter (version 2006.09.02).]
\scratchcounter=\count324
\scratchdimen=\dimen268
\scratchbox=\box83
\nofMPsegments=\count325
\nofMParguments=\count326
\everyMPshowfont=\toks30
\MPscratchCnt=\count327
\MPscratchDim=\dimen269
\MPnumerator=\count328
\makeMPintoPDFobject=\count329
\everyMPtoPDFconversion=\toks31
)
\c@lstlisting=\count330
Now handling font encoding TS1 ...
... processing UTF-8 mapping file for font encoding TS1
 ("C:\Program Files\MiKTeX 2.9\tex\latex\base\ts1enc.dfu"
File: ts1enc.dfu 2018/04/05 v1.2c UTF-8 support for inputenc
   defining Unicode char U+00A2 (decimal 162)
   defining Unicode char U+00A3 (decimal 163)
   defining Unicode char U+00A4 (decimal 164)
   defining Unicode char U+00A5 (decimal 165)
   defining Unicode char U+00A6 (decimal 166)
   defining Unicode char U+00A7 (decimal 167)
   defining Unicode char U+00A8 (decimal 168)
   defining Unicode char U+00A9 (decimal 169)
   defining Unicode char U+00AA (decimal 170)
   defining Unicode char U+00AC (decimal 172)
   defining Unicode char U+00AE (decimal 174)
   defining Unicode char U+00AF (decimal 175)
   defining Unicode char U+00B0 (decimal 176)
   defining Unicode char U+00B1 (decimal 177)
   defining Unicode char U+00B2 (decimal 178)
   defining Unicode char U+00B3 (decimal 179)
   defining Unicode char U+00B4 (decimal 180)
   defining Unicode char U+00B5 (decimal 181)
   defining Unicode char U+00B6 (decimal 182)
   defining Unicode char U+00B7 (decimal 183)
   defining Unicode char U+00B9 (decimal 185)
   defining Unicode char U+00BA (decimal 186)
   defining Unicode char U+00BC (decimal 188)
   defining Unicode char U+00BD (decimal 189)
   defining Unicode char U+00BE (decimal 190)
   defining Unicode char U+00D7 (decimal 215)
   defining Unicode char U+00F7 (decimal 247)
   defining Unicode char U+0192 (decimal 402)
   defining Unicode char U+02C7 (decimal 711)
   defining Unicode char U+02D8 (decimal 728)
   defining Unicode char U+02DD (decimal 733)
   defining Unicode char U+0E3F (decimal 3647)
   defining Unicode char U+2016 (decimal 8214)
   defining Unicode char U+2020 (decimal 8224)
   defining Unicode char U+2021 (decimal 8225)
   defining Unicode char U+2022 (decimal 8226)
   defining Unicode char U+2030 (decimal 8240)
   defining Unicode char U+2031 (decimal 8241)
   defining Unicode char U+203B (decimal 8251)
   defining Unicode char U+203D (decimal 8253)
   defining Unicode char U+2044 (decimal 8260)
   defining Unicode char U+204E (decimal 8270)
   defining Unicode char U+2052 (decimal 8274)
   defining Unicode char U+20A1 (decimal 8353)
   defining Unicode char U+20A4 (decimal 8356)
   defining Unicode char U+20A6 (decimal 8358)
   defining Unicode char U+20A9 (decimal 8361)
   defining Unicode char U+20AB (decimal 8363)
   defining Unicode char U+20AC (decimal 8364)
   defining Unicode char U+20B1 (decimal 8369)
   defining Unicode char U+2103 (decimal 8451)
   defining Unicode char U+2116 (decimal 8470)
   defining Unicode char U+2117 (decimal 8471)
   defining Unicode char U+211E (decimal 8478)
   defining Unicode char U+2120 (decimal 8480)
   defining Unicode char U+2122 (decimal 8482)
   defining Unicode char U+2126 (decimal 8486)
   defining Unicode char U+2127 (decimal 8487)
   defining Unicode char U+212E (decimal 8494)
   defining Unicode char U+2190 (decimal 8592)
   defining Unicode char U+2191 (decimal 8593)
   defining Unicode char U+2192 (decimal 8594)
   defining Unicode char U+2193 (decimal 8595)
   defining Unicode char U+2329 (decimal 9001)
   defining Unicode char U+232A (decimal 9002)
   defining Unicode char U+2422 (decimal 9250)
   defining Unicode char U+25E6 (decimal 9702)
   defining Unicode char U+25EF (decimal 9711)
   defining Unicode char U+266A (decimal 9834)
   defining Unicode char U+FEFF (decimal 65279)
)
("C:\Program Files\MiKTeX 2.9\tex\latex\translator\translator-basic-dictionary-
English.dict"
Dictionary: translator-basic-dictionary, Language: English 
)
("C:\Program Files\MiKTeX 2.9\tex\latex\siunitx\siunitx-abbreviations.cfg"
File: siunitx-abbreviations.cfg 2017/11/26 v2.7k siunitx: Abbreviated units
)
("C:\Program Files\MiKTeX 2.9\tex\latex\siunitx\siunitx-binary.cfg"
File: siunitx-binary.cfg 2017/11/26 v2.7k siunitx: Binary units
)
\AtBeginShipoutBox=\box84
Package hyperref Info: Link coloring ON on input line 57.

("C:\Program Files\MiKTeX 2.9\tex\latex\hyperref\nameref.sty"
Package: nameref 2016/05/21 v2.44 Cross-referencing by name of section

("C:\Program Files\MiKTeX 2.9\tex\generic\oberdiek\gettitlestring.sty"
Package: gettitlestring 2016/05/16 v1.5 Cleanup title references (HO)
)
\c@section@level=\count331
)
LaTeX Info: Redefining \ref on input line 57.
LaTeX Info: Redefining \pageref on input line 57.
LaTeX Info: Redefining \nameref on input line 57.

(Report.out) (Report.out)
\@outlinefile=\write3
\openout3 = `Report.out'.

LaTeX Font Info:    Try loading font information for U+msa on input line 57.

("C:\Program Files\MiKTeX 2.9\tex\latex\amsfonts\umsa.fd"
File: umsa.fd 2013/01/14 v3.01 AMS symbols A
)
("C:\Program Files\MiKTeX 2.9\tex\latex\microtype\mt-msa.cfg"
File: mt-msa.cfg 2006/02/04 v1.1 microtype config. file: AMS symbols (a) (RS)
)
LaTeX Font Info:    Try loading font information for U+msb on input line 57.

("C:\Program Files\MiKTeX 2.9\tex\latex\amsfonts\umsb.fd"
File: umsb.fd 2013/01/14 v3.01 AMS symbols B
)
("C:\Program Files\MiKTeX 2.9\tex\latex\microtype\mt-msb.cfg"
File: mt-msb.cfg 2005/06/01 v1.0 microtype config. file: AMS symbols (b) (RS)
)
Package microtype Info: Loading generic protrusion settings for font family
(microtype)             `cmss' (encoding: OT1).
(microtype)             For optimal results, create family-specific settings.
(microtype)             See the microtype manual for details.
Package microtype Info: Loading generic protrusion settings for font family
(microtype)             `cmtt' (encoding: OT1).
(microtype)             For optimal results, create family-specific settings.
(microtype)             See the microtype manual for details.
<poli_logo.png, id=47, 301.125pt x 301.125pt>
File: poli_logo.png Graphic file (type png)
<use poli_logo.png>
Package pdftex.def Info: poli_logo.png  used on input line 68.
(pdftex.def)             Requested size: 108.405pt x 108.4049pt.
 [1

{C:/Users/Edoardo/AppData/Local/MiKTeX/2.9/pdftex/config/pdftex.map} <./poli_lo
go.png (PNG copy)>] [1]
LaTeX Font Info:    Try loading font information for OMS+cmr on input line 115.

 ("C:\Program Files\MiKTeX 2.9\tex\latex\base\omscmr.fd"
File: omscmr.fd 2014/09/29 v2.5h Standard LaTeX font definitions
)
LaTeX Font Info:    Font shape `OMS/cmr/m/n' in size <12> not available
(Font)              Font shape `OMS/cmsy/m/n' tried instead on input line 115.
 [2]
Underfull \hbox (badness 10000) in paragraph at lines 156--161

 []


Underfull \hbox (badness 10000) in paragraph at lines 156--161

 []

<"../Total UPDRS Weight w LLS".pdf, id=80, 427.93123pt x 327.20317pt>
File: "../Total UPDRS Weight w LLS".pdf Graphic file (type pdf)
<use "../Total UPDRS Weight w LLS".pdf>
Package pdftex.def Info: "../Total UPDRS Weight w LLS".pdf  used on input line 
168.
(pdftex.def)             Requested size: 201.5982pt x 154.14497pt.
<"../Total UPDRS Histogram y_train-yhat_train LLS".pdf, id=81, 419.19548pt x 32
7.48547pt>
File: "../Total UPDRS Histogram y_train-yhat_train LLS".pdf Graphic file (type 
pdf)
<use "../Total UPDRS Histogram y_train-yhat_train LLS".pdf>
Package pdftex.def Info: "../Total UPDRS Histogram y_train-yhat_train LLS".pdf 
 used on input line 170.
(pdftex.def)             Requested size: 201.5982pt x 157.49106pt.
<"../Total UPDRS yhat_train vs y_train LLS".pdf, id=82, 409.94215pt x 327.20317
pt>
File: "../Total UPDRS yhat_train vs y_train LLS".pdf Graphic file (type pdf)
<use "../Total UPDRS yhat_train vs y_train LLS".pdf>
Package pdftex.def Info: "../Total UPDRS yhat_train vs y_train LLS".pdf  used o
n input line 172.
(pdftex.def)             Requested size: 201.5982pt x 160.9101pt.
<"../Total UPDRS Histogram y_test-yhat_test LLS".pdf, id=83, 419.19548pt x 327.
48547pt>
File: "../Total UPDRS Histogram y_test-yhat_test LLS".pdf Graphic file (type pd
f)
<use "../Total UPDRS Histogram y_test-yhat_test LLS".pdf>
Package pdftex.def Info: "../Total UPDRS Histogram y_test-yhat_test LLS".pdf  u
sed on input line 174.
(pdftex.def)             Requested size: 201.5982pt x 157.49106pt.
<"../Total UPDRS yhat_test vs y_test LLS".pdf, id=84, 409.94215pt x 327.20317pt
>
File: "../Total UPDRS yhat_test vs y_test LLS".pdf Graphic file (type pdf)
<use "../Total UPDRS yhat_test vs y_test LLS".pdf>
Package pdftex.def Info: "../Total UPDRS yhat_test vs y_test LLS".pdf  used on 
input line 176.
(pdftex.def)             Requested size: 201.5982pt x 160.9101pt.
[3] [4 <../Total UPDRS Weight w LLS.pdf> <../Total UPDRS Histogram y_train-yhat
_train LLS.pdf

pdfTeX warning: pdflatex.exe (file ../Total UPDRS Histogram y_train-yhat_train 
LLS.pdf): PDF inclusion: multiple pdfs with page group included in a single pag
e
> <../Total UPDRS yhat_train vs y_train LLS.pdf

pdfTeX warning: pdflatex.exe (file ../Total UPDRS yhat_train vs y_train LLS.pdf
): PDF inclusion: multiple pdfs with page group included in a single page
> <../Total UPDRS Histogram y_test-yhat_test LLS.pdf

pdfTeX warning: pdflatex.exe (file ../Total UPDRS Histogram y_test-yhat_test LL
S.pdf): PDF inclusion: multiple pdfs with page group included in a single page
> <../Total UPDRS yhat_test vs y_test LLS.pdf

pdfTeX warning: pdflatex.exe (file ../Total UPDRS yhat_test vs y_test LLS.pdf):
 PDF inclusion: multiple pdfs with page group included in a single page
>]
Underfull \hbox (badness 10000) in paragraph at lines 199--202

 []

<"../Total UPDRS Weight w Gradient Algorithm".pdf, id=291, 421.54802pt x 327.20
317pt>
File: "../Total UPDRS Weight w Gradient Algorithm".pdf Graphic file (type pdf)
<use "../Total UPDRS Weight w Gradient Algorithm".pdf>
Package pdftex.def Info: "../Total UPDRS Weight w Gradient Algorithm".pdf  used
 on input line 220.
(pdftex.def)             Requested size: 201.5982pt x 156.47658pt.
<"../Total UPDRS MSE Gradient Algorithm".pdf, id=292, 428.77031pt x 327.20317pt
>
File: "../Total UPDRS MSE Gradient Algorithm".pdf Graphic file (type pdf)
<use "../Total UPDRS MSE Gradient Algorithm".pdf>
Package pdftex.def Info: "../Total UPDRS MSE Gradient Algorithm".pdf  used on i
nput line 222.
(pdftex.def)             Requested size: 201.5982pt x 153.84042pt.
<"../Total UPDRS Histogram y_train-yhat_train Gradient Algorithm".pdf, id=293, 
419.19548pt x 327.48547pt>
File: "../Total UPDRS Histogram y_train-yhat_train Gradient Algorithm".pdf Grap
hic file (type pdf)
<use "../Total UPDRS Histogram y_train-yhat_train Gradient Algorithm".pdf>
Package pdftex.def Info: "../Total UPDRS Histogram y_train-yhat_train Gradient 
Algorithm".pdf  used on input line 224.
(pdftex.def)             Requested size: 201.5982pt x 157.49106pt.
<"../Total UPDRS yhat_train vs y_train Gradient Algorithm".pdf, id=294, 409.942
15pt x 327.20317pt>
File: "../Total UPDRS yhat_train vs y_train Gradient Algorithm".pdf Graphic fil
e (type pdf)
<use "../Total UPDRS yhat_train vs y_train Gradient Algorithm".pdf>
Package pdftex.def Info: "../Total UPDRS yhat_train vs y_train Gradient Algorit
hm".pdf  used on input line 226.
(pdftex.def)             Requested size: 201.5982pt x 160.9101pt.
<"../Total UPDRS Histogram y_test-yhat_test Gradient Algorithm".pdf, id=295, 41
9.19548pt x 327.48547pt>
File: "../Total UPDRS Histogram y_test-yhat_test Gradient Algorithm".pdf Graphi
c file (type pdf)
<use "../Total UPDRS Histogram y_test-yhat_test Gradient Algorithm".pdf>
Package pdftex.def Info: "../Total UPDRS Histogram y_test-yhat_test Gradient Al
gorithm".pdf  used on input line 228.
(pdftex.def)             Requested size: 201.5982pt x 157.49106pt.
<"../Total UPDRS yhat_test vs y_test Gradient Algorithm".pdf, id=296, 409.94215
pt x 327.20317pt>
File: "../Total UPDRS yhat_test vs y_test Gradient Algorithm".pdf Graphic file 
(type pdf)
<use "../Total UPDRS yhat_test vs y_test Gradient Algorithm".pdf>
Package pdftex.def Info: "../Total UPDRS yhat_test vs y_test Gradient Algorithm
".pdf  used on input line 230.
(pdftex.def)             Requested size: 201.5982pt x 160.9101pt.
[5] [6 <../Total UPDRS Weight w Gradient Algorithm.pdf> <../Total UPDRS MSE Gra
dient Algorithm.pdf

pdfTeX warning: pdflatex.exe (file ../Total UPDRS MSE Gradient Algorithm.pdf): 
PDF inclusion: multiple pdfs with page group included in a single page
> <../Total UPDRS Histogram y_train-yhat_train Gradient Algorithm.pdf

pdfTeX warning: pdflatex.exe (file ../Total UPDRS Histogram y_train-yhat_train 
Gradient Algorithm.pdf): PDF inclusion: multiple pdfs with page group included 
in a single page
> <../Total UPDRS yhat_train vs y_train Gradient Algorithm.pdf

pdfTeX warning: pdflatex.exe (file ../Total UPDRS yhat_train vs y_train Gradien
t Algorithm.pdf): PDF inclusion: multiple pdfs with page group included in a si
ngle page
> <../Total UPDRS Histogram y_test-yhat_test Gradient Algorithm.pdf

pdfTeX warning: pdflatex.exe (file ../Total UPDRS Histogram y_test-yhat_test Gr
adient Algorithm.pdf): PDF inclusion: multiple pdfs with page group included in
 a single page
> <../Total UPDRS yhat_test vs y_test Gradient Algorithm.pdf

pdfTeX warning: pdflatex.exe (file ../Total UPDRS yhat_test vs y_test Gradient 
Algorithm.pdf): PDF inclusion: multiple pdfs with page group included in a sing
le page
>]
Underfull \hbox (badness 10000) in paragraph at lines 258--260

 []

[7]
<"../Total UPDRS Weight w Steepest Descent Algorithm".pdf, id=570, 421.54802pt 
x 327.20317pt>
File: "../Total UPDRS Weight w Steepest Descent Algorithm".pdf Graphic file (ty
pe pdf)
<use "../Total UPDRS Weight w Steepest Descent Algorithm".pdf>
Package pdftex.def Info: "../Total UPDRS Weight w Steepest Descent Algorithm".p
df  used on input line 291.
(pdftex.def)             Requested size: 201.5982pt x 156.47658pt.
<"../Total UPDRS MSE Steepest Descent Algorithm".pdf, id=571, 422.38708pt x 327
.20317pt>
File: "../Total UPDRS MSE Steepest Descent Algorithm".pdf Graphic file (type pd
f)
<use "../Total UPDRS MSE Steepest Descent Algorithm".pdf>
Package pdftex.def Info: "../Total UPDRS MSE Steepest Descent Algorithm".pdf  u
sed on input line 293.
(pdftex.def)             Requested size: 201.5982pt x 156.17201pt.
<"../Total UPDRS Histogram y_train-yhat_train Steepest Descent".pdf, id=572, 41
9.19548pt x 327.48547pt>
File: "../Total UPDRS Histogram y_train-yhat_train Steepest Descent".pdf Graphi
c file (type pdf)
<use "../Total UPDRS Histogram y_train-yhat_train Steepest Descent".pdf>
Package pdftex.def Info: "../Total UPDRS Histogram y_train-yhat_train Steepest 
Descent".pdf  used on input line 295.
(pdftex.def)             Requested size: 201.5982pt x 157.49106pt.
<"../Total UPDRS yhat_train vs y_train Steepest Descent".pdf, id=573, 409.94215
pt x 327.20317pt>
File: "../Total UPDRS yhat_train vs y_train Steepest Descent".pdf Graphic file 
(type pdf)
<use "../Total UPDRS yhat_train vs y_train Steepest Descent".pdf>
Package pdftex.def Info: "../Total UPDRS yhat_train vs y_train Steepest Descent
".pdf  used on input line 297.
(pdftex.def)             Requested size: 201.5982pt x 160.9101pt.
<"../Total UPDRS Histogram y_test-yhat_test Steepest Descent".pdf, id=574, 419.
19548pt x 327.48547pt>
File: "../Total UPDRS Histogram y_test-yhat_test Steepest Descent".pdf Graphic 
file (type pdf)
<use "../Total UPDRS Histogram y_test-yhat_test Steepest Descent".pdf>
Package pdftex.def Info: "../Total UPDRS Histogram y_test-yhat_test Steepest De
scent".pdf  used on input line 299.
(pdftex.def)             Requested size: 201.5982pt x 157.49106pt.
<"../Total UPDRS yhat_test vs y_test Steepest Descent".pdf, id=575, 409.94215pt
 x 327.20317pt>
File: "../Total UPDRS yhat_test vs y_test Steepest Descent".pdf Graphic file (t
ype pdf)
<use "../Total UPDRS yhat_test vs y_test Steepest Descent".pdf>
Package pdftex.def Info: "../Total UPDRS yhat_test vs y_test Steepest Descent".
pdf  used on input line 301.
(pdftex.def)             Requested size: 201.5982pt x 160.9101pt.
<"../Total UPDRS Weight w Conjugate Algorithm".pdf, id=577, 421.54802pt x 327.2
0317pt>
File: "../Total UPDRS Weight w Conjugate Algorithm".pdf Graphic file (type pdf)

<use "../Total UPDRS Weight w Conjugate Algorithm".pdf>
Package pdftex.def Info: "../Total UPDRS Weight w Conjugate Algorithm".pdf  use
d on input line 339.
(pdftex.def)             Requested size: 201.5982pt x 156.47658pt.
<"../Total UPDRS MSE Conjugate Algorithm".pdf, id=578, 409.94215pt x 327.20317p
t>
File: "../Total UPDRS MSE Conjugate Algorithm".pdf Graphic file (type pdf)
<use "../Total UPDRS MSE Conjugate Algorithm".pdf>
Package pdftex.def Info: "../Total UPDRS MSE Conjugate Algorithm".pdf  used on 
input line 341.
(pdftex.def)             Requested size: 201.5982pt x 160.9101pt.
<"../Total UPDRS Histogram y_train-yhat_train Conjugate Algorithm".pdf, id=579,
 423.68349pt x 327.48547pt>
File: "../Total UPDRS Histogram y_train-yhat_train Conjugate Algorithm".pdf Gra
phic file (type pdf)
<use "../Total UPDRS Histogram y_train-yhat_train Conjugate Algorithm".pdf>
Package pdftex.def Info: "../Total UPDRS Histogram y_train-yhat_train Conjugate
 Algorithm".pdf  used on input line 343.
(pdftex.def)             Requested size: 201.5982pt x 155.82704pt.
<"../Total UPDRS yhat_train vs y_train Conjugate Algorithm".pdf, id=580, 409.94
215pt x 327.20317pt>
File: "../Total UPDRS yhat_train vs y_train Conjugate Algorithm".pdf Graphic fi
le (type pdf)
<use "../Total UPDRS yhat_train vs y_train Conjugate Algorithm".pdf>
Package pdftex.def Info: "../Total UPDRS yhat_train vs y_train Conjugate Algori
thm".pdf  used on input line 345.
(pdftex.def)             Requested size: 201.5982pt x 160.9101pt.
<"../Total UPDRS Histogram y_test-yhat_test Conjugate Algorithm".pdf, id=581, 4
19.19548pt x 327.48547pt>
File: "../Total UPDRS Histogram y_test-yhat_test Conjugate Algorithm".pdf Graph
ic file (type pdf)
<use "../Total UPDRS Histogram y_test-yhat_test Conjugate Algorithm".pdf>
Package pdftex.def Info: "../Total UPDRS Histogram y_test-yhat_test Conjugate A
lgorithm".pdf  used on input line 347.
(pdftex.def)             Requested size: 201.5982pt x 157.49106pt.
<"../Total UPDRS yhat_test vs y_test Conjugate Algorithm".pdf, id=582, 409.9421
5pt x 327.20317pt>
File: "../Total UPDRS yhat_test vs y_test Conjugate Algorithm".pdf Graphic file
 (type pdf)
<use "../Total UPDRS yhat_test vs y_test Conjugate Algorithm".pdf>
Package pdftex.def Info: "../Total UPDRS yhat_test vs y_test Conjugate Algorith
m".pdf  used on input line 349.
(pdftex.def)             Requested size: 201.5982pt x 160.9101pt.
 [8] [9 <../Total UPDRS Weight w Steepest Descent Algorithm.pdf> <../Total UPDR
S MSE Steepest Descent Algorithm.pdf

pdfTeX warning: pdflatex.exe (file ../Total UPDRS MSE Steepest Descent Algorith
m.pdf): PDF inclusion: multiple pdfs with page group included in a single page
> <../Total UPDRS Histogram y_train-yhat_train Steepest Descent.pdf

pdfTeX warning: pdflatex.exe (file ../Total UPDRS Histogram y_train-yhat_train 
Steepest Descent.pdf): PDF inclusion: multiple pdfs with page group included in
 a single page
> <../Total UPDRS yhat_train vs y_train Steepest Descent.pdf

pdfTeX warning: pdflatex.exe (file ../Total UPDRS yhat_train vs y_train Steepes
t Descent.pdf): PDF inclusion: multiple pdfs with page group included in a sing
le page
> <../Total UPDRS Histogram y_test-yhat_test Steepest Descent.pdf

pdfTeX warning: pdflatex.exe (file ../Total UPDRS Histogram y_test-yhat_test St
eepest Descent.pdf): PDF inclusion: multiple pdfs with page group included in a
 single page
> <../Total UPDRS yhat_test vs y_test Steepest Descent.pdf

pdfTeX warning: pdflatex.exe (file ../Total UPDRS yhat_test vs y_test Steepest 
Descent.pdf): PDF inclusion: multiple pdfs with page group included in a single
 page
>] [10 <../Total UPDRS Weight w Conjugate Algorithm.pdf> <../Total UPDRS MSE Co
njugate Algorithm.pdf

pdfTeX warning: pdflatex.exe (file ../Total UPDRS MSE Conjugate Algorithm.pdf):
 PDF inclusion: multiple pdfs with page group included in a single page
> <../Total UPDRS Histogram y_train-yhat_train Conjugate Algorithm.pdf

pdfTeX warning: pdflatex.exe (file ../Total UPDRS Histogram y_train-yhat_train 
Conjugate Algorithm.pdf): PDF inclusion: multiple pdfs with page group included
 in a single page
> <../Total UPDRS yhat_train vs y_train Conjugate Algorithm.pdf

pdfTeX warning: pdflatex.exe (file ../Total UPDRS yhat_train vs y_train Conjuga
te Algorithm.pdf): PDF inclusion: multiple pdfs with page group included in a s
ingle page
> <../Total UPDRS Histogram y_test-yhat_test Conjugate Algorithm.pdf

pdfTeX warning: pdflatex.exe (file ../Total UPDRS Histogram y_test-yhat_test Co
njugate Algorithm.pdf): PDF inclusion: multiple pdfs with page group included i
n a single page
> <../Total UPDRS yhat_test vs y_test Conjugate Algorithm.pdf

pdfTeX warning: pdflatex.exe (file ../Total UPDRS yhat_test vs y_test Conjugate
 Algorithm.pdf): PDF inclusion: multiple pdfs with page group included in a sin
gle page
>]
<"../Total UPDRS Weight w Stochastic Gradient Algorithm".pdf, id=1099, 421.5480
2pt x 327.20317pt>
File: "../Total UPDRS Weight w Stochastic Gradient Algorithm".pdf Graphic file 
(type pdf)
<use "../Total UPDRS Weight w Stochastic Gradient Algorithm".pdf>
Package pdftex.def Info: "../Total UPDRS Weight w Stochastic Gradient Algorithm
".pdf  used on input line 384.
(pdftex.def)             Requested size: 201.5982pt x 156.47658pt.
<"../Total UPDRS MSE Stochastic Gradient Algorithm".pdf, id=1100, 428.77031pt x
 327.20317pt>
File: "../Total UPDRS MSE Stochastic Gradient Algorithm".pdf Graphic file (type
 pdf)
<use "../Total UPDRS MSE Stochastic Gradient Algorithm".pdf>
Package pdftex.def Info: "../Total UPDRS MSE Stochastic Gradient Algorithm".pdf
  used on input line 386.
(pdftex.def)             Requested size: 201.5982pt x 153.84042pt.
<"../Total UPDRS Histogram y_train-yhat_train Stochastic Gradient".pdf, id=1101
, 420.79771pt x 327.48547pt>
File: "../Total UPDRS Histogram y_train-yhat_train Stochastic Gradient".pdf Gra
phic file (type pdf)
<use "../Total UPDRS Histogram y_train-yhat_train Stochastic Gradient".pdf>
Package pdftex.def Info: "../Total UPDRS Histogram y_train-yhat_train Stochasti
c Gradient".pdf  used on input line 388.
(pdftex.def)             Requested size: 201.5982pt x 156.89641pt.
<"../Total UPDRS yhat_train vs y_train Stochastic Gradient".pdf, id=1102, 409.9
4215pt x 327.20317pt>
File: "../Total UPDRS yhat_train vs y_train Stochastic Gradient".pdf Graphic fi
le (type pdf)
<use "../Total UPDRS yhat_train vs y_train Stochastic Gradient".pdf>
Package pdftex.def Info: "../Total UPDRS yhat_train vs y_train Stochastic Gradi
ent".pdf  used on input line 390.
(pdftex.def)             Requested size: 201.5982pt x 160.9101pt.
<"../Total UPDRS Histogram y_test-yhat_test Stochastic Gradient".pdf, id=1103, 
419.19548pt x 327.48547pt>
File: "../Total UPDRS Histogram y_test-yhat_test Stochastic Gradient".pdf Graph
ic file (type pdf)
<use "../Total UPDRS Histogram y_test-yhat_test Stochastic Gradient".pdf>
Package pdftex.def Info: "../Total UPDRS Histogram y_test-yhat_test Stochastic 
Gradient".pdf  used on input line 392.
(pdftex.def)             Requested size: 201.5982pt x 157.49106pt.
<"../Total UPDRS yhat_test vs y_test Stochastic Gradient".pdf, id=1104, 409.942
15pt x 327.20317pt>
File: "../Total UPDRS yhat_test vs y_test Stochastic Gradient".pdf Graphic file
 (type pdf)
<use "../Total UPDRS yhat_test vs y_test Stochastic Gradient".pdf>
Package pdftex.def Info: "../Total UPDRS yhat_test vs y_test Stochastic Gradien
t".pdf  used on input line 394.
(pdftex.def)             Requested size: 201.5982pt x 160.9101pt.
 [11] [12 <../Total UPDRS Weight w Stochastic Gradient Algorithm.pdf> <../Total
 UPDRS MSE Stochastic Gradient Algorithm.pdf

pdfTeX warning: pdflatex.exe (file ../Total UPDRS MSE Stochastic Gradient Algor
ithm.pdf): PDF inclusion: multiple pdfs with page group included in a single pa
ge
> <../Total UPDRS Histogram y_train-yhat_train Stochastic Gradient.pdf

pdfTeX warning: pdflatex.exe (file ../Total UPDRS Histogram y_train-yhat_train 
Stochastic Gradient.pdf): PDF inclusion: multiple pdfs with page group included
 in a single page
> <../Total UPDRS yhat_train vs y_train Stochastic Gradient.pdf

pdfTeX warning: pdflatex.exe (file ../Total UPDRS yhat_train vs y_train Stochas
tic Gradient.pdf): PDF inclusion: multiple pdfs with page group included in a s
ingle page
> <../Total UPDRS Histogram y_test-yhat_test Stochastic Gradient.pdf

pdfTeX warning: pdflatex.exe (file ../Total UPDRS Histogram y_test-yhat_test St
ochastic Gradient.pdf): PDF inclusion: multiple pdfs with page group included i
n a single page
> <../Total UPDRS yhat_test vs y_test Stochastic Gradient.pdf

pdfTeX warning: pdflatex.exe (file ../Total UPDRS yhat_test vs y_test Stochasti
c Gradient.pdf): PDF inclusion: multiple pdfs with page group included in a sin
gle page
>]
<"../Total UPDRS Weight w Ridge Algorithm".pdf, id=1371, 413.1416pt x 327.20317
pt>
File: "../Total UPDRS Weight w Ridge Algorithm".pdf Graphic file (type pdf)
<use "../Total UPDRS Weight w Ridge Algorithm".pdf>
Package pdftex.def Info: "../Total UPDRS Weight w Ridge Algorithm".pdf  used on
 input line 434.
(pdftex.def)             Requested size: 201.5982pt x 159.66692pt.
<"../Total UPDRS MSE Ridge Algorithm on Lambda variation".pdf, id=1372, 425.171
33pt x 327.20317pt>
File: "../Total UPDRS MSE Ridge Algorithm on Lambda variation".pdf Graphic file
 (type pdf)
<use "../Total UPDRS MSE Ridge Algorithm on Lambda variation".pdf>
Package pdftex.def Info: "../Total UPDRS MSE Ridge Algorithm on Lambda variatio
n".pdf  used on input line 436.
(pdftex.def)             Requested size: 201.5982pt x 155.14851pt.
<"../Total UPDRS Histogram y_train-yhat_train Ridge Algorithm".pdf, id=1373, 41
9.19548pt x 327.48547pt>
File: "../Total UPDRS Histogram y_train-yhat_train Ridge Algorithm".pdf Graphic
 file (type pdf)
<use "../Total UPDRS Histogram y_train-yhat_train Ridge Algorithm".pdf>
Package pdftex.def Info: "../Total UPDRS Histogram y_train-yhat_train Ridge Alg
orithm".pdf  used on input line 438.
(pdftex.def)             Requested size: 201.5982pt x 157.49106pt.
<"../Total UPDRS yhat_train vs y_train Ridge Algorithm".pdf, id=1374, 409.94215
pt x 327.20317pt>
File: "../Total UPDRS yhat_train vs y_train Ridge Algorithm".pdf Graphic file (
type pdf)
<use "../Total UPDRS yhat_train vs y_train Ridge Algorithm".pdf>
Package pdftex.def Info: "../Total UPDRS yhat_train vs y_train Ridge Algorithm"
.pdf  used on input line 440.
(pdftex.def)             Requested size: 201.5982pt x 160.9101pt.
<"../Total UPDRS Histogram y_test-yhat_test Ridge Algorithm".pdf, id=1375, 419.
19548pt x 327.48547pt>
File: "../Total UPDRS Histogram y_test-yhat_test Ridge Algorithm".pdf Graphic f
ile (type pdf)
<use "../Total UPDRS Histogram y_test-yhat_test Ridge Algorithm".pdf>
Package pdftex.def Info: "../Total UPDRS Histogram y_test-yhat_test Ridge Algor
ithm".pdf  used on input line 442.
(pdftex.def)             Requested size: 201.5982pt x 157.49106pt.
<"../Total UPDRS yhat_test vs y_test Ridge Algorithm".pdf, id=1376, 409.94215pt
 x 327.20317pt>
File: "../Total UPDRS yhat_test vs y_test Ridge Algorithm".pdf Graphic file (ty
pe pdf)
<use "../Total UPDRS yhat_test vs y_test Ridge Algorithm".pdf>
Package pdftex.def Info: "../Total UPDRS yhat_test vs y_test Ridge Algorithm".p
df  used on input line 444.
(pdftex.def)             Requested size: 201.5982pt x 160.9101pt.
Package atveryend Info: Empty hook `BeforeClearDocument' on input line 453.
 [13] [14 <../Total UPDRS Weight w Ridge Algorithm.pdf> <../Total UPDRS MSE Rid
ge Algorithm on Lambda variation.pdf

pdfTeX warning: pdflatex.exe (file ../Total UPDRS MSE Ridge Algorithm on Lambda
 variation.pdf): PDF inclusion: multiple pdfs with page group included in a sin
gle page
> <../Total UPDRS Histogram y_train-yhat_train Ridge Algorithm.pdf

pdfTeX warning: pdflatex.exe (file ../Total UPDRS Histogram y_train-yhat_train 
Ridge Algorithm.pdf): PDF inclusion: multiple pdfs with page group included in 
a single page
> <../Total UPDRS yhat_train vs y_train Ridge Algorithm.pdf

pdfTeX warning: pdflatex.exe (file ../Total UPDRS yhat_train vs y_train Ridge A
lgorithm.pdf): PDF inclusion: multiple pdfs with page group included in a singl
e page
> <../Total UPDRS Histogram y_test-yhat_test Ridge Algorithm.pdf

pdfTeX warning: pdflatex.exe (file ../Total UPDRS Histogram y_test-yhat_test Ri
dge Algorithm.pdf): PDF inclusion: multiple pdfs with page group included in a 
single page
> <../Total UPDRS yhat_test vs y_test Ridge Algorithm.pdf

pdfTeX warning: pdflatex.exe (file ../Total UPDRS yhat_test vs y_test Ridge Alg
orithm.pdf): PDF inclusion: multiple pdfs with page group included in a single 
page
>]
Package atveryend Info: Empty hook `AfterLastShipout' on input line 453.
 (Report.aux)
Package atveryend Info: Executing hook `AtVeryEndDocument' on input line 453.
Package atveryend Info: Executing hook `AtEndAfterFileList' on input line 453.
Package rerunfilecheck Info: File `Report.out' has not changed.
(rerunfilecheck)             Checksum: AFC8A00EFD367CB1F6202FD2E3777831;846.
Package atveryend Info: Empty hook `AtVeryVeryEnd' on input line 453.
 ) 
Here is how much of TeX's memory you used:
 23924 strings out of 492974
 441656 string characters out of 3135941
 541986 words of memory out of 3000000
 27279 multiletter control sequences out of 15000+200000
 556874 words of font info for 141 fonts, out of 3000000 for 9000
 1141 hyphenation exceptions out of 8191
 44i,13n,63p,912b,821s stack positions out of 5000i,500n,10000p,200000b,50000s
{C:/Program Files/MiKTeX 2.9/fonts/enc/dvips/cm-super/cm-super-t1.enc}<C:/Pro
gram Files/MiKTeX 2.9/fonts/type1/public/amsfonts/cm/cmex10.pfb><C:/Program Fil
es/MiKTeX 2.9/fonts/type1/public/amsfonts/cm/cmmi10.pfb><C:/Program Files/MiKTe
X 2.9/fonts/type1/public/amsfonts/cm/cmmi12.pfb><C:/Program Files/MiKTeX 2.9/fo
nts/type1/public/amsfonts/cm/cmmi8.pfb><C:/Program Files/MiKTeX 2.9/fonts/type1
/public/amsfonts/cm/cmr10.pfb><C:/Program Files/MiKTeX 2.9/fonts/type1/public/a
msfonts/cm/cmr12.pfb><C:/Program Files/MiKTeX 2.9/fonts/type1/public/amsfonts/c
m/cmr8.pfb><C:/Program Files/MiKTeX 2.9/fonts/type1/public/amsfonts/cm/cmsy10.p
fb><C:/Program Files/MiKTeX 2.9/fonts/type1/public/amsfonts/cm/cmsy8.pfb><C:/Pr
ogram Files/MiKTeX 2.9/fonts/type1/public/cm-super/sfbi1200.pfb><C:/Program Fil
es/MiKTeX 2.9/fonts/type1/public/cm-super/sfbx1200.pfb><C:/Program Files/MiKTeX
 2.9/fonts/type1/public/cm-super/sfbx1440.pfb><C:/Program Files/MiKTeX 2.9/font
s/type1/public/cm-super/sfbx1728.pfb><C:/Program Files/MiKTeX 2.9/fonts/type1/p
ublic/cm-super/sfbx2074.pfb><C:/Program Files/MiKTeX 2.9/fonts/type1/public/cm-
super/sfrm0800.pfb><C:/Program Files/MiKTeX 2.9/fonts/type1/public/cm-super/sfr
m1000.pfb><C:/Program Files/MiKTeX 2.9/fonts/type1/public/cm-super/sfrm1095.pfb
><C:/Program Files/MiKTeX 2.9/fonts/type1/public/cm-super/sfrm1200.pfb><C:/Prog
ram Files/MiKTeX 2.9/fonts/type1/public/cm-super/sfrm1440.pfb><C:/Program Files
/MiKTeX 2.9/fonts/type1/public/cm-super/sfrm1728.pfb><C:/Program Files/MiKTeX 2
.9/fonts/type1/public/cm-super/sfti1000.pfb><C:/Program Files/MiKTeX 2.9/fonts/
type1/public/cm-super/sfti1200.pfb>
Output written on Report.pdf (15 pages, 1317314 bytes).
PDF statistics:
 1730 PDF objects out of 2073 (max. 8388607)
 90 named destinations out of 1000 (max. 500000)
 32525 words of extra memory for PDF output out of 35830 (max. 10000000)

